# JRE version: Java(TM) SE Runtime Environment (8.0_51-b16) (build 1.8.0_51-b16)
# Java VM: Java HotSpot(TM) Client VM (25.51-b03 mixed mode, sharing windows-x86 )
Heap:
 def new generation   total 4992K, used 1881K [0x04a00000, 0x04f60000, 0x09f50000)
  eden space 4480K,  42% used [0x04a00000, 0x04bd67b8, 0x04e60000)
  from space 512K,   0% used [0x04e60000, 0x04e60018, 0x04ee0000)
  to   space 512K,   0% used [0x04ee0000, 0x04ee0000, 0x04f60000)
 tenured generation   total 10944K, used 6992K [0x09f50000, 0x0aa00000, 0x14a00000)
   the space 10944K,  63% used [0x09f50000, 0x0a624340, 0x0a624400, 0x0aa00000)
 Metaspace       used 847K, capacity 3001K, committed 3008K, reserved 4480K
GC Heap History (10 events):
Event: 5.174 GC heap before
{Heap before GC invocations=366 (full 9):
 def new generation   total 4992K, used 4480K [0x04a00000, 0x04f60000, 0x09f50000)
  eden space 4480K, 100% used [0x04a00000, 0x04e60000, 0x04e60000)
  from space 512K,   0% used [0x04ee0000, 0x04ee0018, 0x04f60000)
  to   space 512K,   0% used [0x04e60000, 0x04e60000, 0x04ee0000)
 tenured generation   total 10944K, used 6024K [0x09f50000, 0x0aa00000, 0x14a00000)
   the space 10944K,  55% used [0x09f50000, 0x0a5323f8, 0x0a532400, 0x0aa00000)
 Metaspace       used 847K, capacity 3001K, committed 3008K, reserved 4480K
Event: 5.174 GC heap after
Heap after GC invocations=367 (full 9):
 def new generation   total 4992K, used 0K [0x04a00000, 0x04f60000, 0x09f50000)
  eden space 4480K,   0% used [0x04a00000, 0x04a00000, 0x04e60000)
  from space 512K,   0% used [0x04e60000, 0x04e60018, 0x04ee0000)
  to   space 512K,   0% used [0x04ee0000, 0x04ee0000, 0x04f60000)
 tenured generation   total 10944K, used 6024K [0x09f50000, 0x0aa00000, 0x14a00000)
   the space 10944K,  55% used [0x09f50000, 0x0a5323f8, 0x0a532400, 0x0aa00000)
 Metaspace       used 847K, capacity 3001K, committed 3008K, reserved 4480K
}
Event: 5.209 GC heap before
{Heap before GC invocations=367 (full 9):
 def new generation   total 4992K, used 4480K [0x04a00000, 0x04f60000, 0x09f50000)
  eden space 4480K, 100% used [0x04a00000, 0x04e60000, 0x04e60000)
  from space 512K,   0% used [0x04e60000, 0x04e60018, 0x04ee0000)
  to   space 512K,   0% used [0x04ee0000, 0x04ee0000, 0x04f60000)
 tenured generation   total 10944K, used 6024K [0x09f50000, 0x0aa00000, 0x14a00000)
   the space 10944K,  55% used [0x09f50000, 0x0a5323f8, 0x0a532400, 0x0aa00000)
 Metaspace       used 847K, capacity 3001K, committed 3008K, reserved 4480K
Event: 5.211 GC heap after
Heap after GC invocations=368 (full 9):
 def new generation   total 4992K, used 512K [0x04a00000, 0x04f60000, 0x09f50000)
  eden space 4480K,   0% used [0x04a00000, 0x04a00000, 0x04e60000)
  from space 512K, 100% used [0x04ee0000, 0x04f60000, 0x04f60000)
  to   space 512K,   0% used [0x04e60000, 0x04e60000, 0x04ee0000)
 tenured generation   total 10944K, used 6480K [0x09f50000, 0x0aa00000, 0x14a00000)
   the space 10944K,  59% used [0x09f50000, 0x0a5a4358, 0x0a5a4400, 0x0aa00000)
 Metaspace       used 847K, capacity 3001K, committed 3008K, reserved 4480K
}
Event: 5.216 GC heap before
{Heap before GC invocations=368 (full 9):
 def new generation   total 4992K, used 4992K [0x04a00000, 0x04f60000, 0x09f50000)
  eden space 4480K, 100% used [0x04a00000, 0x04e60000, 0x04e60000)
  from space 512K, 100% used [0x04ee0000, 0x04f60000, 0x04f60000)
  to   space 512K,   0% used [0x04e60000, 0x04e60000, 0x04ee0000)
 tenured generation   total 10944K, used 6480K [0x09f50000, 0x0aa00000, 0x14a00000)
   the space 10944K,  59% used [0x09f50000, 0x0a5a4358, 0x0a5a4400, 0x0aa00000)
 Metaspace       used 847K, capacity 3001K, committed 3008K, reserved 4480K
Event: 5.217 GC heap after
Heap after GC invocations=369 (full 9):
 def new generation   total 4992K, used 0K [0x04a00000, 0x04f60000, 0x09f50000)
  eden space 4480K,   0% used [0x04a00000, 0x04a00000, 0x04e60000)
  from space 512K,   0% used [0x04e60000, 0x04e60018, 0x04ee0000)
  to   space 512K,   0% used [0x04ee0000, 0x04ee0000, 0x04f60000)
 tenured generation   total 10944K, used 6992K [0x09f50000, 0x0aa00000, 0x14a00000)
   the space 10944K,  63% used [0x09f50000, 0x0a624340, 0x0a624400, 0x0aa00000)
 Metaspace       used 847K, capacity 3001K, committed 3008K, reserved 4480K
}
Event: 5.221 GC heap before
{Heap before GC invocations=369 (full 9):
 def new generation   total 4992K, used 4480K [0x04a00000, 0x04f60000, 0x09f50000)
  eden space 4480K, 100% used [0x04a00000, 0x04e60000, 0x04e60000)
  from space 512K,   0% used [0x04e60000, 0x04e60018, 0x04ee0000)
  to   space 512K,   0% used [0x04ee0000, 0x04ee0000, 0x04f60000)
 tenured generation   total 10944K, used 6992K [0x09f50000, 0x0aa00000, 0x14a00000)
   the space 10944K,  63% used [0x09f50000, 0x0a624340, 0x0a624400, 0x0aa00000)
 Metaspace       used 847K, capacity 3001K, committed 3008K, reserved 4480K
Event: 5.221 GC heap after
Heap after GC invocations=370 (full 9):
 def new generation   total 4992K, used 0K [0x04a00000, 0x04f60000, 0x09f50000)
  eden space 4480K,   0% used [0x04a00000, 0x04a00000, 0x04e60000)
  from space 512K,   0% used [0x04ee0000, 0x04ee0018, 0x04f60000)
  to   space 512K,   0% used [0x04e60000, 0x04e60000, 0x04ee0000)
 tenured generation   total 10944K, used 6992K [0x09f50000, 0x0aa00000, 0x14a00000)
   the space 10944K,  63% used [0x09f50000, 0x0a624340, 0x0a624400, 0x0aa00000)
 Metaspace       used 847K, capacity 3001K, committed 3008K, reserved 4480K
}
Event: 5.226 GC heap before
{Heap before GC invocations=370 (full 9):
 def new generation   total 4992K, used 4480K [0x04a00000, 0x04f60000, 0x09f50000)
  eden space 4480K, 100% used [0x04a00000, 0x04e60000, 0x04e60000)
  from space 512K,   0% used [0x04ee0000, 0x04ee0018, 0x04f60000)
  to   space 512K,   0% used [0x04e60000, 0x04e60000, 0x04ee0000)
 tenured generation   total 10944K, used 6992K [0x09f50000, 0x0aa00000, 0x14a00000)
   the space 10944K,  63% used [0x09f50000, 0x0a624340, 0x0a624400, 0x0aa00000)
 Metaspace       used 847K, capacity 3001K, committed 3008K, reserved 4480K
Event: 5.226 GC heap after
Heap after GC invocations=371 (full 9):
 def new generation   total 4992K, used 0K [0x04a00000, 0x04f60000, 0x09f50000)
  eden space 4480K,   0% used [0x04a00000, 0x04a00000, 0x04e60000)
  from space 512K,   0% used [0x04e60000, 0x04e60018, 0x04ee0000)
  to   space 512K,   0% used [0x04ee0000, 0x04ee0000, 0x04f60000)
 tenured generation   total 10944K, used 6992K [0x09f50000, 0x0aa00000, 0x14a00000)
   the space 10944K,  63% used [0x09f50000, 0x0a624340, 0x0a624400, 0x0aa00000)
 Metaspace       used 847K, capacity 3001K, committed 3008K, reserved 4480K
}

