# JRE version: Java(TM) SE Runtime Environment (8.0_51-b16) (build 1.8.0_51-b16)
# Java VM: Java HotSpot(TM) Client VM (25.51-b03 mixed mode, sharing windows-x86 )
Heap:
 def new generation   total 4992K, used 1613K [0x04400000, 0x04960000, 0x09950000)
  eden space 4480K,  36% used [0x04400000, 0x04593480, 0x04860000)
  from space 512K,   0% used [0x04860000, 0x04860000, 0x048e0000)
  to   space 512K,   0% used [0x048e0000, 0x048e0000, 0x04960000)
 tenured generation   total 10944K, used 6982K [0x09950000, 0x0a400000, 0x14400000)
   the space 10944K,  63% used [0x09950000, 0x0a021af8, 0x0a021c00, 0x0a400000)
 Metaspace       used 841K, capacity 2969K, committed 3008K, reserved 4480K
GC Heap History (10 events):
Event: 5.217 GC heap before
{Heap before GC invocations=366 (full 9):
 def new generation   total 4992K, used 4480K [0x04400000, 0x04960000, 0x09950000)
  eden space 4480K, 100% used [0x04400000, 0x04860000, 0x04860000)
  from space 512K,   0% used [0x048e0000, 0x048e0000, 0x04960000)
  to   space 512K,   0% used [0x04860000, 0x04860000, 0x048e0000)
 tenured generation   total 10944K, used 6014K [0x09950000, 0x0a400000, 0x14400000)
   the space 10944K,  54% used [0x09950000, 0x09f2fbb0, 0x09f2fc00, 0x0a400000)
 Metaspace       used 841K, capacity 2969K, committed 3008K, reserved 4480K
Event: 5.217 GC heap after
Heap after GC invocations=367 (full 9):
 def new generation   total 4992K, used 0K [0x04400000, 0x04960000, 0x09950000)
  eden space 4480K,   0% used [0x04400000, 0x04400000, 0x04860000)
  from space 512K,   0% used [0x04860000, 0x04860000, 0x048e0000)
  to   space 512K,   0% used [0x048e0000, 0x048e0000, 0x04960000)
 tenured generation   total 10944K, used 6014K [0x09950000, 0x0a400000, 0x14400000)
   the space 10944K,  54% used [0x09950000, 0x09f2fbb0, 0x09f2fc00, 0x0a400000)
 Metaspace       used 841K, capacity 2969K, committed 3008K, reserved 4480K
}
Event: 5.263 GC heap before
{Heap before GC invocations=367 (full 9):
 def new generation   total 4992K, used 4480K [0x04400000, 0x04960000, 0x09950000)
  eden space 4480K, 100% used [0x04400000, 0x04860000, 0x04860000)
  from space 512K,   0% used [0x04860000, 0x04860000, 0x048e0000)
  to   space 512K,   0% used [0x048e0000, 0x048e0000, 0x04960000)
 tenured generation   total 10944K, used 6014K [0x09950000, 0x0a400000, 0x14400000)
   the space 10944K,  54% used [0x09950000, 0x09f2fbb0, 0x09f2fc00, 0x0a400000)
 Metaspace       used 841K, capacity 2969K, committed 3008K, reserved 4480K
Event: 5.264 GC heap after
Heap after GC invocations=368 (full 9):
 def new generation   total 4992K, used 511K [0x04400000, 0x04960000, 0x09950000)
  eden space 4480K,   0% used [0x04400000, 0x04400000, 0x04860000)
  from space 512K,  99% used [0x048e0000, 0x0495ffe8, 0x04960000)
  to   space 512K,   0% used [0x04860000, 0x04860000, 0x048e0000)
 tenured generation   total 10944K, used 6470K [0x09950000, 0x0a400000, 0x14400000)
   the space 10944K,  59% used [0x09950000, 0x09fa1b10, 0x09fa1c00, 0x0a400000)
 Metaspace       used 841K, capacity 2969K, committed 3008K, reserved 4480K
}
Event: 5.268 GC heap before
{Heap before GC invocations=368 (full 9):
 def new generation   total 4992K, used 4991K [0x04400000, 0x04960000, 0x09950000)
  eden space 4480K, 100% used [0x04400000, 0x04860000, 0x04860000)
  from space 512K,  99% used [0x048e0000, 0x0495ffe8, 0x04960000)
  to   space 512K,   0% used [0x04860000, 0x04860000, 0x048e0000)
 tenured generation   total 10944K, used 6470K [0x09950000, 0x0a400000, 0x14400000)
   the space 10944K,  59% used [0x09950000, 0x09fa1b10, 0x09fa1c00, 0x0a400000)
 Metaspace       used 841K, capacity 2969K, committed 3008K, reserved 4480K
Event: 5.269 GC heap after
Heap after GC invocations=369 (full 9):
 def new generation   total 4992K, used 0K [0x04400000, 0x04960000, 0x09950000)
  eden space 4480K,   0% used [0x04400000, 0x04400000, 0x04860000)
  from space 512K,   0% used [0x04860000, 0x04860000, 0x048e0000)
  to   space 512K,   0% used [0x048e0000, 0x048e0000, 0x04960000)
 tenured generation   total 10944K, used 6982K [0x09950000, 0x0a400000, 0x14400000)
   the space 10944K,  63% used [0x09950000, 0x0a021af8, 0x0a021c00, 0x0a400000)
 Metaspace       used 841K, capacity 2969K, committed 3008K, reserved 4480K
}
Event: 5.274 GC heap before
{Heap before GC invocations=369 (full 9):
 def new generation   total 4992K, used 4480K [0x04400000, 0x04960000, 0x09950000)
  eden space 4480K, 100% used [0x04400000, 0x04860000, 0x04860000)
  from space 512K,   0% used [0x04860000, 0x04860000, 0x048e0000)
  to   space 512K,   0% used [0x048e0000, 0x048e0000, 0x04960000)
 tenured generation   total 10944K, used 6982K [0x09950000, 0x0a400000, 0x14400000)
   the space 10944K,  63% used [0x09950000, 0x0a021af8, 0x0a021c00, 0x0a400000)
 Metaspace       used 841K, capacity 2969K, committed 3008K, reserved 4480K
Event: 5.274 GC heap after
Heap after GC invocations=370 (full 9):
 def new generation   total 4992K, used 0K [0x04400000, 0x04960000, 0x09950000)
  eden space 4480K,   0% used [0x04400000, 0x04400000, 0x04860000)
  from space 512K,   0% used [0x048e0000, 0x048e0000, 0x04960000)
  to   space 512K,   0% used [0x04860000, 0x04860000, 0x048e0000)
 tenured generation   total 10944K, used 6982K [0x09950000, 0x0a400000, 0x14400000)
   the space 10944K,  63% used [0x09950000, 0x0a021af8, 0x0a021c00, 0x0a400000)
 Metaspace       used 841K, capacity 2969K, committed 3008K, reserved 4480K
}
Event: 5.278 GC heap before
{Heap before GC invocations=370 (full 9):
 def new generation   total 4992K, used 4480K [0x04400000, 0x04960000, 0x09950000)
  eden space 4480K, 100% used [0x04400000, 0x04860000, 0x04860000)
  from space 512K,   0% used [0x048e0000, 0x048e0000, 0x04960000)
  to   space 512K,   0% used [0x04860000, 0x04860000, 0x048e0000)
 tenured generation   total 10944K, used 6982K [0x09950000, 0x0a400000, 0x14400000)
   the space 10944K,  63% used [0x09950000, 0x0a021af8, 0x0a021c00, 0x0a400000)
 Metaspace       used 841K, capacity 2969K, committed 3008K, reserved 4480K
Event: 5.278 GC heap after
Heap after GC invocations=371 (full 9):
 def new generation   total 4992K, used 0K [0x04400000, 0x04960000, 0x09950000)
  eden space 4480K,   0% used [0x04400000, 0x04400000, 0x04860000)
  from space 512K,   0% used [0x04860000, 0x04860000, 0x048e0000)
  to   space 512K,   0% used [0x048e0000, 0x048e0000, 0x04960000)
 tenured generation   total 10944K, used 6982K [0x09950000, 0x0a400000, 0x14400000)
   the space 10944K,  63% used [0x09950000, 0x0a021af8, 0x0a021c00, 0x0a400000)
 Metaspace       used 841K, capacity 2969K, committed 3008K, reserved 4480K
}

